Analysis & Synthesis report for course_design
Fri Jun 16 15:17:27 2023
Quartus II 64-Bit Version 13.1.0 Build 162 10/23/2013 SJ Full Version


---------------------
; Table of Contents ;
---------------------
  1. Legal Notice
  2. Analysis & Synthesis Summary
  3. Analysis & Synthesis Settings
  4. Parallel Compilation
  5. Analysis & Synthesis Source Files Read
  6. Analysis & Synthesis Resource Usage Summary
  7. Analysis & Synthesis Resource Utilization by Entity
  8. Analysis & Synthesis RAM Summary
  9. Analysis & Synthesis IP Cores Summary
 10. Registers Removed During Synthesis
 11. General Register Statistics
 12. Inverted Register Statistics
 13. Multiplexer Restructuring Statistics (Restructuring Performed)
 14. Source assignments for mif2:b2v_inst3|altsyncram:altsyncram_component|altsyncram_25h1:auto_generated
 15. Parameter Settings for User Entity Instance: cpu:b2v_inst2
 16. Parameter Settings for User Entity Instance: mif2:b2v_inst3|altsyncram:altsyncram_component
 17. altsyncram Parameter Settings by Entity Instance
 18. Elapsed Time Per Partition
 19. Analysis & Synthesis Messages



----------------
; Legal Notice ;
----------------
Copyright (C) 1991-2013 Altera Corporation
Your use of Altera Corporation's design tools, logic functions 
and other software and tools, and its AMPP partner logic 
functions, and any output files from any of the foregoing 
(including device programming or simulation files), and any 
associated documentation or information are expressly subject 
to the terms and conditions of the Altera Program License 
Subscription Agreement, Altera MegaCore Function License 
Agreement, or other applicable license agreement, including, 
without limitation, that your use is for the sole purpose of 
programming logic devices manufactured by Altera and sold by 
Altera or its authorized distributors.  Please refer to the 
applicable agreement for further details.



+----------------------------------------------------------------------------------+
; Analysis & Synthesis Summary                                                     ;
+------------------------------------+---------------------------------------------+
; Analysis & Synthesis Status        ; Successful - Fri Jun 16 15:17:27 2023       ;
; Quartus II 64-Bit Version          ; 13.1.0 Build 162 10/23/2013 SJ Full Version ;
; Revision Name                      ; course_design                               ;
; Top-level Entity Name              ; computer                                    ;
; Family                             ; Cyclone III                                 ;
; Total logic elements               ; 271                                         ;
;     Total combinational functions  ; 247                                         ;
;     Dedicated logic registers      ; 107                                         ;
; Total registers                    ; 107                                         ;
; Total pins                         ; 75                                          ;
; Total virtual pins                 ; 0                                           ;
; Total memory bits                  ; 384                                         ;
; Embedded Multiplier 9-bit elements ; 0                                           ;
; Total PLLs                         ; 0                                           ;
+------------------------------------+---------------------------------------------+


+----------------------------------------------------------------------------------------------------------------------+
; Analysis & Synthesis Settings                                                                                        ;
+----------------------------------------------------------------------------+--------------------+--------------------+
; Option                                                                     ; Setting            ; Default Value      ;
+----------------------------------------------------------------------------+--------------------+--------------------+
; Device                                                                     ; EP3C40F780C8       ;                    ;
; Top-level entity name                                                      ; computer           ; course_design      ;
; Family name                                                                ; Cyclone III        ; Cyclone IV GX      ;
; Use smart compilation                                                      ; Off                ; Off                ;
; Enable parallel Assembler and TimeQuest Timing Analyzer during compilation ; On                 ; On                 ;
; Enable compact report table                                                ; Off                ; Off                ;
; Restructure Multiplexers                                                   ; Auto               ; Auto               ;
; Create Debugging Nodes for IP Cores                                        ; Off                ; Off                ;
; Preserve fewer node names                                                  ; On                 ; On                 ;
; Disable OpenCore Plus hardware evaluation                                  ; Off                ; Off                ;
; Verilog Version                                                            ; Verilog_2001       ; Verilog_2001       ;
; VHDL Version                                                               ; VHDL_1993          ; VHDL_1993          ;
; State Machine Processing                                                   ; Auto               ; Auto               ;
; Safe State Machine                                                         ; Off                ; Off                ;
; Extract Verilog State Machines                                             ; On                 ; On                 ;
; Extract VHDL State Machines                                                ; On                 ; On                 ;
; Ignore Verilog initial constructs                                          ; Off                ; Off                ;
; Iteration limit for constant Verilog loops                                 ; 5000               ; 5000               ;
; Iteration limit for non-constant Verilog loops                             ; 250                ; 250                ;
; Add Pass-Through Logic to Inferred RAMs                                    ; On                 ; On                 ;
; Infer RAMs from Raw Logic                                                  ; On                 ; On                 ;
; Parallel Synthesis                                                         ; On                 ; On                 ;
; DSP Block Balancing                                                        ; Auto               ; Auto               ;
; NOT Gate Push-Back                                                         ; On                 ; On                 ;
; Power-Up Don't Care                                                        ; On                 ; On                 ;
; Remove Redundant Logic Cells                                               ; Off                ; Off                ;
; Remove Duplicate Registers                                                 ; On                 ; On                 ;
; Ignore CARRY Buffers                                                       ; Off                ; Off                ;
; Ignore CASCADE Buffers                                                     ; Off                ; Off                ;
; Ignore GLOBAL Buffers                                                      ; Off                ; Off                ;
; Ignore ROW GLOBAL Buffers                                                  ; Off                ; Off                ;
; Ignore LCELL Buffers                                                       ; Off                ; Off                ;
; Ignore SOFT Buffers                                                        ; On                 ; On                 ;
; Limit AHDL Integers to 32 Bits                                             ; Off                ; Off                ;
; Optimization Technique                                                     ; Balanced           ; Balanced           ;
; Carry Chain Length                                                         ; 70                 ; 70                 ;
; Auto Carry Chains                                                          ; On                 ; On                 ;
; Auto Open-Drain Pins                                                       ; On                 ; On                 ;
; Perform WYSIWYG Primitive Resynthesis                                      ; Off                ; Off                ;
; Auto ROM Replacement                                                       ; On                 ; On                 ;
; Auto RAM Replacement                                                       ; On                 ; On                 ;
; Auto DSP Block Replacement                                                 ; On                 ; On                 ;
; Auto Shift Register Replacement                                            ; Auto               ; Auto               ;
; Allow Shift Register Merging across Hierarchies                            ; Auto               ; Auto               ;
; Auto Clock Enable Replacement                                              ; On                 ; On                 ;
; Strict RAM Replacement                                                     ; Off                ; Off                ;
; Allow Synchronous Control Signals                                          ; On                 ; On                 ;
; Force Use of Synchronous Clear Signals                                     ; Off                ; Off                ;
; Auto RAM Block Balancing                                                   ; On                 ; On                 ;
; Auto RAM to Logic Cell Conversion                                          ; Off                ; Off                ;
; Auto Resource Sharing                                                      ; Off                ; Off                ;
; Allow Any RAM Size For Recognition                                         ; Off                ; Off                ;
; Allow Any ROM Size For Recognition                                         ; Off                ; Off                ;
; Allow Any Shift Register Size For Recognition                              ; Off                ; Off                ;
; Use LogicLock Constraints during Resource Balancing                        ; On                 ; On                 ;
; Ignore translate_off and synthesis_off directives                          ; Off                ; Off                ;
; Timing-Driven Synthesis                                                    ; On                 ; On                 ;
; Report Parameter Settings                                                  ; On                 ; On                 ;
; Report Source Assignments                                                  ; On                 ; On                 ;
; Report Connectivity Checks                                                 ; On                 ; On                 ;
; Ignore Maximum Fan-Out Assignments                                         ; Off                ; Off                ;
; Synchronization Register Chain Length                                      ; 2                  ; 2                  ;
; PowerPlay Power Optimization                                               ; Normal compilation ; Normal compilation ;
; HDL message level                                                          ; Level2             ; Level2             ;
; Suppress Register Optimization Related Messages                            ; Off                ; Off                ;
; Number of Removed Registers Reported in Synthesis Report                   ; 5000               ; 5000               ;
; Number of Swept Nodes Reported in Synthesis Report                         ; 5000               ; 5000               ;
; Number of Inverted Registers Reported in Synthesis Report                  ; 100                ; 100                ;
; Clock MUX Protection                                                       ; On                 ; On                 ;
; Auto Gated Clock Conversion                                                ; Off                ; Off                ;
; Block Design Naming                                                        ; Auto               ; Auto               ;
; SDC constraint protection                                                  ; Off                ; Off                ;
; Synthesis Effort                                                           ; Auto               ; Auto               ;
; Shift Register Replacement - Allow Asynchronous Clear Signal               ; On                 ; On                 ;
; Pre-Mapping Resynthesis Optimization                                       ; Off                ; Off                ;
; Analysis & Synthesis Message Level                                         ; Medium             ; Medium             ;
; Disable Register Merging Across Hierarchies                                ; Auto               ; Auto               ;
; Resource Aware Inference For Block RAM                                     ; On                 ; On                 ;
; Synthesis Seed                                                             ; 1                  ; 1                  ;
+----------------------------------------------------------------------------+--------------------+--------------------+


+------------------------------------------+
; Parallel Compilation                     ;
+----------------------------+-------------+
; Processors                 ; Number      ;
+----------------------------+-------------+
; Number detected on machine ; 8           ;
; Maximum allowed            ; 4           ;
;                            ;             ;
; Average used               ; 1.00        ;
; Maximum used               ; 1           ;
;                            ;             ;
; Usage by Processor         ; % Time Used ;
;     Processor 1            ; 100.0%      ;
;     Processors 2-8         ;   0.0%      ;
+----------------------------+-------------+


+------------------------------------------------------------------------------------------------------------------------------------------------------------------------+
; Analysis & Synthesis Source Files Read                                                                                                                                 ;
+----------------------------------+-----------------+----------------------------------+----------------------------------------------------------------------+---------+
; File Name with User-Entered Path ; Used in Netlist ; File Type                        ; File Name with Absolute Path                                         ; Library ;
+----------------------------------+-----------------+----------------------------------+----------------------------------------------------------------------+---------+
; computer.v                       ; yes             ; User Verilog HDL File            ; C:/Computer_Organization/course_design/computer.v                    ;         ;
; cpu.v                            ; yes             ; User Verilog HDL File            ; C:/Computer_Organization/course_design/cpu.v                         ;         ;
; Mif2.mif                         ; yes             ; User Memory Initialization File  ; C:/Computer_Organization/course_design/Mif2.mif                      ;         ;
; mif2.v                           ; yes             ; User Wizard-Generated File       ; C:/Computer_Organization/course_design/mif2.v                        ;         ;
; altsyncram.tdf                   ; yes             ; Megafunction                     ; c:/altera/13.1/quartus/libraries/megafunctions/altsyncram.tdf        ;         ;
; stratix_ram_block.inc            ; yes             ; Megafunction                     ; c:/altera/13.1/quartus/libraries/megafunctions/stratix_ram_block.inc ;         ;
; lpm_mux.inc                      ; yes             ; Megafunction                     ; c:/altera/13.1/quartus/libraries/megafunctions/lpm_mux.inc           ;         ;
; lpm_decode.inc                   ; yes             ; Megafunction                     ; c:/altera/13.1/quartus/libraries/megafunctions/lpm_decode.inc        ;         ;
; aglobal131.inc                   ; yes             ; Megafunction                     ; c:/altera/13.1/quartus/libraries/megafunctions/aglobal131.inc        ;         ;
; a_rdenreg.inc                    ; yes             ; Megafunction                     ; c:/altera/13.1/quartus/libraries/megafunctions/a_rdenreg.inc         ;         ;
; altrom.inc                       ; yes             ; Megafunction                     ; c:/altera/13.1/quartus/libraries/megafunctions/altrom.inc            ;         ;
; altram.inc                       ; yes             ; Megafunction                     ; c:/altera/13.1/quartus/libraries/megafunctions/altram.inc            ;         ;
; altdpram.inc                     ; yes             ; Megafunction                     ; c:/altera/13.1/quartus/libraries/megafunctions/altdpram.inc          ;         ;
; db/altsyncram_25h1.tdf           ; yes             ; Auto-Generated Megafunction      ; C:/Computer_Organization/course_design/db/altsyncram_25h1.tdf        ;         ;
+----------------------------------+-----------------+----------------------------------+----------------------------------------------------------------------+---------+


+---------------------------------------------------------+
; Analysis & Synthesis Resource Usage Summary             ;
+---------------------------------------------+-----------+
; Resource                                    ; Usage     ;
+---------------------------------------------+-----------+
; Estimated Total logic elements              ; 271       ;
;                                             ;           ;
; Total combinational functions               ; 247       ;
; Logic element usage by number of LUT inputs ;           ;
;     -- 4 input functions                    ; 161       ;
;     -- 3 input functions                    ; 58        ;
;     -- <=2 input functions                  ; 28        ;
;                                             ;           ;
; Logic elements by mode                      ;           ;
;     -- normal mode                          ; 232       ;
;     -- arithmetic mode                      ; 15        ;
;                                             ;           ;
; Total registers                             ; 107       ;
;     -- Dedicated logic registers            ; 107       ;
;     -- I/O registers                        ; 0         ;
;                                             ;           ;
; I/O pins                                    ; 75        ;
; Total memory bits                           ; 384       ;
; Embedded Multiplier 9-bit elements          ; 0         ;
; Maximum fan-out node                        ; clk~input ;
; Maximum fan-out                             ; 115       ;
; Total fan-out                               ; 1545      ;
; Average fan-out                             ; 3.02      ;
+---------------------------------------------+-----------+


+----------------------------------------------------------------------------------------------------------------------------------------------------------------------------------------------------------------------------------------------------------------+
; Analysis & Synthesis Resource Utilization by Entity                                                                                                                                                                                                            ;
+-------------------------------------------+-------------------+--------------+-------------+--------------+---------+-----------+------+--------------+-----------------------------------------------------------------------------------------+--------------+
; Compilation Hierarchy Node                ; LC Combinationals ; LC Registers ; Memory Bits ; DSP Elements ; DSP 9x9 ; DSP 18x18 ; Pins ; Virtual Pins ; Full Hierarchy Name                                                                     ; Library Name ;
+-------------------------------------------+-------------------+--------------+-------------+--------------+---------+-----------+------+--------------+-----------------------------------------------------------------------------------------+--------------+
; |computer                                 ; 247 (0)           ; 107 (0)      ; 384         ; 0            ; 0       ; 0         ; 75   ; 0            ; |computer                                                                               ; work         ;
;    |cpu:b2v_inst2|                        ; 247 (247)         ; 107 (107)    ; 0           ; 0            ; 0       ; 0         ; 0    ; 0            ; |computer|cpu:b2v_inst2                                                                 ; work         ;
;    |mif2:b2v_inst3|                       ; 0 (0)             ; 0 (0)        ; 384         ; 0            ; 0       ; 0         ; 0    ; 0            ; |computer|mif2:b2v_inst3                                                                ; work         ;
;       |altsyncram:altsyncram_component|   ; 0 (0)             ; 0 (0)        ; 384         ; 0            ; 0       ; 0         ; 0    ; 0            ; |computer|mif2:b2v_inst3|altsyncram:altsyncram_component                                ; work         ;
;          |altsyncram_25h1:auto_generated| ; 0 (0)             ; 0 (0)        ; 384         ; 0            ; 0       ; 0         ; 0    ; 0            ; |computer|mif2:b2v_inst3|altsyncram:altsyncram_component|altsyncram_25h1:auto_generated ; work         ;
+-------------------------------------------+-------------------+--------------+-------------+--------------+---------+-----------+------+--------------+-----------------------------------------------------------------------------------------+--------------+
Note: For table entries with two numbers listed, the numbers in parentheses indicate the number of resources of the given type used by the specific entity alone. The numbers listed outside of parentheses indicate the total resources of the given type used by the specific entity and all of its sub-entities in the hierarchy.


+---------------------------------------------------------------------------------------------------------------------------------------------------------------------------------------------+
; Analysis & Synthesis RAM Summary                                                                                                                                                            ;
+------------------------------------------------------------------------------------------+------+-------------+--------------+--------------+--------------+--------------+------+----------+
; Name                                                                                     ; Type ; Mode        ; Port A Depth ; Port A Width ; Port B Depth ; Port B Width ; Size ; MIF      ;
+------------------------------------------------------------------------------------------+------+-------------+--------------+--------------+--------------+--------------+------+----------+
; mif2:b2v_inst3|altsyncram:altsyncram_component|altsyncram_25h1:auto_generated|ALTSYNCRAM ; AUTO ; Single Port ; 48           ; 8            ; --           ; --           ; 384  ; Mif2.mif ;
+------------------------------------------------------------------------------------------+------+-------------+--------------+--------------+--------------+--------------+------+----------+


+------------------------------------------------------------------------------------------------------------------------------------------+
; Analysis & Synthesis IP Cores Summary                                                                                                    ;
+--------+--------------+---------+--------------+--------------+--------------------------+-----------------------------------------------+
; Vendor ; IP Core Name ; Version ; Release Date ; License Type ; Entity Instance          ; IP Include File                               ;
+--------+--------------+---------+--------------+--------------+--------------------------+-----------------------------------------------+
; Altera ; RAM: 1-PORT  ; 13.1    ; N/A          ; N/A          ; |computer|mif2:b2v_inst3 ; C:/Computer_Organization/course_design/mif2.v ;
+--------+--------------+---------+--------------+--------------+--------------------------+-----------------------------------------------+


+--------------------------------------------------------------------------------+
; Registers Removed During Synthesis                                             ;
+---------------------------------------+----------------------------------------+
; Register name                         ; Reason for Removal                     ;
+---------------------------------------+----------------------------------------+
; cpu:b2v_inst2|step_counter[2]         ; Stuck at GND due to stuck port data_in ;
; Total Number of Removed Registers = 1 ;                                        ;
+---------------------------------------+----------------------------------------+


+------------------------------------------------------+
; General Register Statistics                          ;
+----------------------------------------------+-------+
; Statistic                                    ; Value ;
+----------------------------------------------+-------+
; Total registers                              ; 107   ;
; Number of registers using Synchronous Clear  ; 4     ;
; Number of registers using Synchronous Load   ; 22    ;
; Number of registers using Asynchronous Clear ; 88    ;
; Number of registers using Asynchronous Load  ; 0     ;
; Number of registers using Clock Enable       ; 103   ;
; Number of registers using Preset             ; 0     ;
+----------------------------------------------+-------+


+--------------------------------------------------+
; Inverted Register Statistics                     ;
+----------------------------------------+---------+
; Inverted Register                      ; Fan out ;
+----------------------------------------+---------+
; cpu:b2v_inst2|flag1                    ; 12      ;
; Total number of inverted registers = 1 ;         ;
+----------------------------------------+---------+


+-------------------------------------------------------------------------------------------------------------------------------------------------------+
; Multiplexer Restructuring Statistics (Restructuring Performed)                                                                                        ;
+--------------------+-----------+---------------+----------------------+------------------------+------------+-----------------------------------------+
; Multiplexer Inputs ; Bus Width ; Baseline Area ; Area if Restructured ; Saving if Restructured ; Registered ; Example Multiplexer Output              ;
+--------------------+-----------+---------------+----------------------+------------------------+------------+-----------------------------------------+
; 3:1                ; 8 bits    ; 16 LEs        ; 8 LEs                ; 8 LEs                  ; Yes        ; |computer|cpu:b2v_inst2|R3[6]           ;
; 3:1                ; 8 bits    ; 16 LEs        ; 8 LEs                ; 8 LEs                  ; Yes        ; |computer|cpu:b2v_inst2|R2[7]           ;
; 3:1                ; 8 bits    ; 16 LEs        ; 8 LEs                ; 8 LEs                  ; Yes        ; |computer|cpu:b2v_inst2|R1[0]           ;
; 14:1               ; 8 bits    ; 72 LEs        ; 24 LEs               ; 48 LEs                 ; Yes        ; |computer|cpu:b2v_inst2|RY[4]           ;
; 14:1               ; 8 bits    ; 72 LEs        ; 16 LEs               ; 56 LEs                 ; Yes        ; |computer|cpu:b2v_inst2|M_addr[6]       ;
; 21:1               ; 8 bits    ; 112 LEs       ; 8 LEs                ; 104 LEs                ; Yes        ; |computer|cpu:b2v_inst2|IR[5]           ;
; 14:1               ; 8 bits    ; 72 LEs        ; 16 LEs               ; 56 LEs                 ; Yes        ; |computer|cpu:b2v_inst2|PC[5]           ;
; 15:1               ; 4 bits    ; 40 LEs        ; 4 LEs                ; 36 LEs                 ; Yes        ; |computer|cpu:b2v_inst2|M_addr[11]      ;
; 16:1               ; 4 bits    ; 40 LEs        ; 8 LEs                ; 32 LEs                 ; Yes        ; |computer|cpu:b2v_inst2|R0[5]           ;
; 16:1               ; 4 bits    ; 40 LEs        ; 8 LEs                ; 32 LEs                 ; Yes        ; |computer|cpu:b2v_inst2|R0[2]           ;
; 26:1               ; 6 bits    ; 102 LEs       ; 42 LEs               ; 60 LEs                 ; Yes        ; |computer|cpu:b2v_inst2|RX[1]           ;
; 21:1               ; 3 bits    ; 42 LEs        ; 3 LEs                ; 39 LEs                 ; Yes        ; |computer|cpu:b2v_inst2|step_counter[1] ;
+--------------------+-----------+---------------+----------------------+------------------------+------------+-----------------------------------------+


+------------------------------------------------------------------------------------------------------+
; Source assignments for mif2:b2v_inst3|altsyncram:altsyncram_component|altsyncram_25h1:auto_generated ;
+---------------------------------+--------------------+------+----------------------------------------+
; Assignment                      ; Value              ; From ; To                                     ;
+---------------------------------+--------------------+------+----------------------------------------+
; OPTIMIZE_POWER_DURING_SYNTHESIS ; NORMAL_COMPILATION ; -    ; -                                      ;
+---------------------------------+--------------------+------+----------------------------------------+


+------------------------------------------------------------+
; Parameter Settings for User Entity Instance: cpu:b2v_inst2 ;
+----------------+-------+-----------------------------------+
; Parameter Name ; Value ; Type                              ;
+----------------+-------+-----------------------------------+
; Idle           ; 0000  ; Unsigned Binary                   ;
; Load           ; 0001  ; Unsigned Binary                   ;
; Move           ; 0010  ; Unsigned Binary                   ;
; Add            ; 0011  ; Unsigned Binary                   ;
; Sub            ; 0100  ; Unsigned Binary                   ;
; And            ; 0101  ; Unsigned Binary                   ;
; Or             ; 0110  ; Unsigned Binary                   ;
; Xor            ; 0111  ; Unsigned Binary                   ;
; Shr            ; 1000  ; Unsigned Binary                   ;
; Shl            ; 1001  ; Unsigned Binary                   ;
; Swap           ; 1010  ; Unsigned Binary                   ;
; Jmp            ; 1011  ; Unsigned Binary                   ;
; Jz             ; 1100  ; Unsigned Binary                   ;
; Read           ; 1101  ; Unsigned Binary                   ;
; Write          ; 1110  ; Unsigned Binary                   ;
; Stop           ; 1111  ; Unsigned Binary                   ;
; st_0           ; 000   ; Unsigned Binary                   ;
; st_1           ; 001   ; Unsigned Binary                   ;
; st_2           ; 010   ; Unsigned Binary                   ;
; st_3           ; 011   ; Unsigned Binary                   ;
; st_4           ; 100   ; Unsigned Binary                   ;
+----------------+-------+-----------------------------------+
Note: In order to hide this table in the UI and the text report file, please set the "Show Parameter Settings in Synthesis Report" option in "Analysis and Synthesis Settings -> More Settings" to "Off".


+---------------------------------------------------------------------------------------------+
; Parameter Settings for User Entity Instance: mif2:b2v_inst3|altsyncram:altsyncram_component ;
+------------------------------------+----------------------+---------------------------------+
; Parameter Name                     ; Value                ; Type                            ;
+------------------------------------+----------------------+---------------------------------+
; BYTE_SIZE_BLOCK                    ; 8                    ; Untyped                         ;
; AUTO_CARRY_CHAINS                  ; ON                   ; AUTO_CARRY                      ;
; IGNORE_CARRY_BUFFERS               ; OFF                  ; IGNORE_CARRY                    ;
; AUTO_CASCADE_CHAINS                ; ON                   ; AUTO_CASCADE                    ;
; IGNORE_CASCADE_BUFFERS             ; OFF                  ; IGNORE_CASCADE                  ;
; WIDTH_BYTEENA                      ; 1                    ; Untyped                         ;
; OPERATION_MODE                     ; SINGLE_PORT          ; Untyped                         ;
; WIDTH_A                            ; 8                    ; Signed Integer                  ;
; WIDTHAD_A                          ; 6                    ; Signed Integer                  ;
; NUMWORDS_A                         ; 48                   ; Signed Integer                  ;
; OUTDATA_REG_A                      ; CLOCK0               ; Untyped                         ;
; ADDRESS_ACLR_A                     ; NONE                 ; Untyped                         ;
; OUTDATA_ACLR_A                     ; NONE                 ; Untyped                         ;
; WRCONTROL_ACLR_A                   ; NONE                 ; Untyped                         ;
; INDATA_ACLR_A                      ; NONE                 ; Untyped                         ;
; BYTEENA_ACLR_A                     ; NONE                 ; Untyped                         ;
; WIDTH_B                            ; 1                    ; Untyped                         ;
; WIDTHAD_B                          ; 1                    ; Untyped                         ;
; NUMWORDS_B                         ; 1                    ; Untyped                         ;
; INDATA_REG_B                       ; CLOCK1               ; Untyped                         ;
; WRCONTROL_WRADDRESS_REG_B          ; CLOCK1               ; Untyped                         ;
; RDCONTROL_REG_B                    ; CLOCK1               ; Untyped                         ;
; ADDRESS_REG_B                      ; CLOCK1               ; Untyped                         ;
; OUTDATA_REG_B                      ; UNREGISTERED         ; Untyped                         ;
; BYTEENA_REG_B                      ; CLOCK1               ; Untyped                         ;
; INDATA_ACLR_B                      ; NONE                 ; Untyped                         ;
; WRCONTROL_ACLR_B                   ; NONE                 ; Untyped                         ;
; ADDRESS_ACLR_B                     ; NONE                 ; Untyped                         ;
; OUTDATA_ACLR_B                     ; NONE                 ; Untyped                         ;
; RDCONTROL_ACLR_B                   ; NONE                 ; Untyped                         ;
; BYTEENA_ACLR_B                     ; NONE                 ; Untyped                         ;
; WIDTH_BYTEENA_A                    ; 1                    ; Signed Integer                  ;
; WIDTH_BYTEENA_B                    ; 1                    ; Untyped                         ;
; RAM_BLOCK_TYPE                     ; AUTO                 ; Untyped                         ;
; BYTE_SIZE                          ; 8                    ; Untyped                         ;
; READ_DURING_WRITE_MODE_MIXED_PORTS ; DONT_CARE            ; Untyped                         ;
; READ_DURING_WRITE_MODE_PORT_A      ; NEW_DATA_NO_NBE_READ ; Untyped                         ;
; READ_DURING_WRITE_MODE_PORT_B      ; NEW_DATA_NO_NBE_READ ; Untyped                         ;
; INIT_FILE                          ; Mif2.mif             ; Untyped                         ;
; INIT_FILE_LAYOUT                   ; PORT_A               ; Untyped                         ;
; MAXIMUM_DEPTH                      ; 0                    ; Untyped                         ;
; CLOCK_ENABLE_INPUT_A               ; BYPASS               ; Untyped                         ;
; CLOCK_ENABLE_INPUT_B               ; NORMAL               ; Untyped                         ;
; CLOCK_ENABLE_OUTPUT_A              ; BYPASS               ; Untyped                         ;
; CLOCK_ENABLE_OUTPUT_B              ; NORMAL               ; Untyped                         ;
; CLOCK_ENABLE_CORE_A                ; USE_INPUT_CLKEN      ; Untyped                         ;
; CLOCK_ENABLE_CORE_B                ; USE_INPUT_CLKEN      ; Untyped                         ;
; ENABLE_ECC                         ; FALSE                ; Untyped                         ;
; ECC_PIPELINE_STAGE_ENABLED         ; FALSE                ; Untyped                         ;
; WIDTH_ECCSTATUS                    ; 3                    ; Untyped                         ;
; DEVICE_FAMILY                      ; Cyclone III          ; Untyped                         ;
; CBXI_PARAMETER                     ; altsyncram_25h1      ; Untyped                         ;
+------------------------------------+----------------------+---------------------------------+
Note: In order to hide this table in the UI and the text report file, please set the "Show Parameter Settings in Synthesis Report" option in "Analysis and Synthesis Settings -> More Settings" to "Off".


+--------------------------------------------------------------------------------------------+
; altsyncram Parameter Settings by Entity Instance                                           ;
+-------------------------------------------+------------------------------------------------+
; Name                                      ; Value                                          ;
+-------------------------------------------+------------------------------------------------+
; Number of entity instances                ; 1                                              ;
; Entity Instance                           ; mif2:b2v_inst3|altsyncram:altsyncram_component ;
;     -- OPERATION_MODE                     ; SINGLE_PORT                                    ;
;     -- WIDTH_A                            ; 8                                              ;
;     -- NUMWORDS_A                         ; 48                                             ;
;     -- OUTDATA_REG_A                      ; CLOCK0                                         ;
;     -- WIDTH_B                            ; 1                                              ;
;     -- NUMWORDS_B                         ; 1                                              ;
;     -- ADDRESS_REG_B                      ; CLOCK1                                         ;
;     -- OUTDATA_REG_B                      ; UNREGISTERED                                   ;
;     -- RAM_BLOCK_TYPE                     ; AUTO                                           ;
;     -- READ_DURING_WRITE_MODE_MIXED_PORTS ; DONT_CARE                                      ;
+-------------------------------------------+------------------------------------------------+


+-------------------------------+
; Elapsed Time Per Partition    ;
+----------------+--------------+
; Partition Name ; Elapsed Time ;
+----------------+--------------+
; Top            ; 00:00:01     ;
+----------------+--------------+


+-------------------------------+
; Analysis & Synthesis Messages ;
+-------------------------------+
Info: *******************************************************************
Info: Running Quartus II 64-Bit Analysis & Synthesis
    Info: Version 13.1.0 Build 162 10/23/2013 SJ Full Version
    Info: Processing started: Fri Jun 16 15:17:23 2023
Info: Command: quartus_map --read_settings_files=on --write_settings_files=off course_design -c course_design
Info (11104): Parallel Compilation has detected 8 hyper-threaded processors. However, the extra hyper-threaded processors will not be used by default. Parallel Compilation will use 4 of the 4 physical processors detected instead.
Info (12021): Found 1 design units, including 1 entities, in source file computer.v
    Info (12023): Found entity 1: computer
Info (12021): Found 1 design units, including 1 entities, in source file cpu.v
    Info (12023): Found entity 1: cpu
Info (12021): Found 1 design units, including 1 entities, in source file simulation/qsim/course_design_tb.v
    Info (12023): Found entity 1: computer_vlg_tst
Info (12021): Found 1 design units, including 1 entities, in source file mif2.v
    Info (12023): Found entity 1: mif2
Info (12127): Elaborating entity "computer" for the top level hierarchy
Info (12128): Elaborating entity "cpu" for hierarchy "cpu:b2v_inst2"
Warning (10230): Verilog HDL assignment warning at cpu.v(82): truncated value with size 32 to match size of target (8)
Warning (10230): Verilog HDL assignment warning at cpu.v(84): truncated value with size 32 to match size of target (3)
Warning (10230): Verilog HDL assignment warning at cpu.v(168): truncated value with size 32 to match size of target (3)
Warning (10230): Verilog HDL assignment warning at cpu.v(208): truncated value with size 32 to match size of target (8)
Warning (10230): Verilog HDL assignment warning at cpu.v(215): truncated value with size 32 to match size of target (3)
Warning (10230): Verilog HDL assignment warning at cpu.v(247): truncated value with size 12 to match size of target (8)
Warning (10230): Verilog HDL assignment warning at cpu.v(248): truncated value with size 12 to match size of target (8)
Warning (10230): Verilog HDL assignment warning at cpu.v(258): truncated value with size 32 to match size of target (3)
Warning (10230): Verilog HDL assignment warning at cpu.v(280): truncated value with size 32 to match size of target (3)
Warning (10034): Output port "overflow" at cpu.v(43) has no driver
Info (12128): Elaborating entity "mif2" for hierarchy "mif2:b2v_inst3"
Info (12128): Elaborating entity "altsyncram" for hierarchy "mif2:b2v_inst3|altsyncram:altsyncram_component"
Info (12130): Elaborated megafunction instantiation "mif2:b2v_inst3|altsyncram:altsyncram_component"
Info (12133): Instantiated megafunction "mif2:b2v_inst3|altsyncram:altsyncram_component" with the following parameter:
    Info (12134): Parameter "clock_enable_input_a" = "BYPASS"
    Info (12134): Parameter "clock_enable_output_a" = "BYPASS"
    Info (12134): Parameter "init_file" = "Mif2.mif"
    Info (12134): Parameter "intended_device_family" = "Cyclone III"
    Info (12134): Parameter "lpm_hint" = "ENABLE_RUNTIME_MOD=NO"
    Info (12134): Parameter "lpm_type" = "altsyncram"
    Info (12134): Parameter "numwords_a" = "48"
    Info (12134): Parameter "operation_mode" = "SINGLE_PORT"
    Info (12134): Parameter "outdata_aclr_a" = "NONE"
    Info (12134): Parameter "outdata_reg_a" = "CLOCK0"
    Info (12134): Parameter "power_up_uninitialized" = "FALSE"
    Info (12134): Parameter "read_during_write_mode_port_a" = "NEW_DATA_NO_NBE_READ"
    Info (12134): Parameter "widthad_a" = "6"
    Info (12134): Parameter "width_a" = "8"
    Info (12134): Parameter "width_byteena_a" = "1"
Info (12021): Found 1 design units, including 1 entities, in source file db/altsyncram_25h1.tdf
    Info (12023): Found entity 1: altsyncram_25h1
Info (12128): Elaborating entity "altsyncram_25h1" for hierarchy "mif2:b2v_inst3|altsyncram:altsyncram_component|altsyncram_25h1:auto_generated"
Info (13000): Registers with preset signals will power-up high
Info (13003): DEV_CLRn pin will set, and not reset, register with preset signal due to NOT Gate Push-Back
Warning (13024): Output pins are stuck at VCC or GND
    Warning (13410): Pin "overflow" is stuck at GND
Info (286030): Timing-Driven Synthesis is running
Info (16010): Generating hard_block partition "hard_block:auto_generated_inst"
    Info (16011): Adding 0 node(s), including 0 DDIO, 0 PLL, 0 transceiver and 0 LCELL
Info (21057): Implemented 354 device resources after synthesis - the final resource count might be different
    Info (21058): Implemented 2 input pins
    Info (21059): Implemented 73 output pins
    Info (21061): Implemented 271 logic cells
    Info (21064): Implemented 8 RAM segments
Info: Quartus II 64-Bit Analysis & Synthesis was successful. 0 errors, 12 warnings
    Info: Peak virtual memory: 4669 megabytes
    Info: Processing ended: Fri Jun 16 15:17:27 2023
    Info: Elapsed time: 00:00:04
    Info: Total CPU time (on all processors): 00:00:02


